Flow report for Small8_MZ
Mon Apr 13 11:23:24 2015
Quartus II Version 9.1 Build 350 03/24/2010 Service Pack 2 SJ Web Edition


---------------------
; Table of Contents ;
---------------------
  1. Legal Notice
  2. Flow Summary
  3. Flow Settings
  4. Flow Non-Default Global Settings
  5. Flow Elapsed Time
  6. Flow OS Summary
  7. Flow Log



----------------
; Legal Notice ;
----------------
Copyright (C) 1991-2010 Altera Corporation
Your use of Altera Corporation's design tools, logic functions 
and other software and tools, and its AMPP partner logic 
functions, and any output files from any of the foregoing 
(including device programming or simulation files), and any 
associated documentation or information are expressly subject 
to the terms and conditions of the Altera Program License 
Subscription Agreement, Altera MegaCore Function License 
Agreement, or other applicable license agreement, including, 
without limitation, that your use is for the sole purpose of 
programming logic devices manufactured by Altera and sold by 
Altera or its authorized distributors.  Please refer to the 
applicable agreement for further details.



+-----------------------------------------------------------------------------------+
; Flow Summary                                                                      ;
+------------------------------------+----------------------------------------------+
; Flow Status                        ; Successful - Mon Apr 13 11:23:24 2015        ;
; Quartus II Version                 ; 9.1 Build 350 03/24/2010 SP 2 SJ Web Edition ;
; Revision Name                      ; Small8_MZ                                    ;
; Top-level Entity Name              ; top_level                                    ;
; Family                             ; Cyclone III                                  ;
; Device                             ; EP3C16F484C6                                 ;
; Timing Models                      ; Final                                        ;
; Met timing requirements            ; N/A                                          ;
; Total logic elements               ; 577 / 15,408 ( 4 % )                         ;
;     Total combinational functions  ; 557 / 15,408 ( 4 % )                         ;
;     Dedicated logic registers      ; 233 / 15,408 ( 2 % )                         ;
; Total registers                    ; 233                                          ;
; Total pins                         ; 39 / 347 ( 11 % )                            ;
; Total virtual pins                 ; 0                                            ;
; Total memory bits                  ; 2,048 / 516,096 ( < 1 % )                    ;
; Embedded Multiplier 9-bit elements ; 0 / 112 ( 0 % )                              ;
; Total PLLs                         ; 0 / 4 ( 0 % )                                ;
+------------------------------------+----------------------------------------------+


+-----------------------------------------+
; Flow Settings                           ;
+-------------------+---------------------+
; Option            ; Setting             ;
+-------------------+---------------------+
; Start date & time ; 04/13/2015 11:23:02 ;
; Main task         ; Compilation         ;
; Revision Name     ; Small8_MZ           ;
+-------------------+---------------------+


+-----------------------------------------------------------------------------------------------------------------------------------------------------------------+
; Flow Non-Default Global Settings                                                                                                                                ;
+------------------------------------+-----------------------------------------------------------------------------+---------------+-------------+----------------+
; Assignment Name                    ; Value                                                                       ; Default Value ; Entity Name ; Section Id     ;
+------------------------------------+-----------------------------------------------------------------------------+---------------+-------------+----------------+
; COMPILER_SIGNATURE_ID              ; 48549633782665.142893858206436                                              ; --            ; --          ; --             ;
; EDA_OUTPUT_DATA_FORMAT             ; Vhdl                                                                        ; --            ; --          ; eda_simulation ;
; EDA_SIMULATION_TOOL                ; ModelSim-Altera (VHDL)                                                      ; <None>        ; --          ; --             ;
; IP_TOOL_NAME                       ; RAM: 1-PORT                                                                 ; --            ; --          ; --             ;
; IP_TOOL_VERSION                    ; 9.1                                                                         ; --            ; --          ; --             ;
; MAX_CORE_JUNCTION_TEMP             ; 85                                                                          ; --            ; --          ; --             ;
; MIN_CORE_JUNCTION_TEMP             ; 0                                                                           ; --            ; --          ; --             ;
; MISC_FILE                          ; C:/Users/Mihailo/Desktop/UF Spring 2015/Digital Design/Small8/Small8_MZ.dpf ; --            ; --          ; --             ;
; MISC_FILE                          ; small8_ram.cmp                                                              ; --            ; --          ; --             ;
; NOMINAL_CORE_SUPPLY_VOLTAGE        ; 1.2V                                                                        ; --            ; --          ; --             ;
; PARTITION_COLOR                    ; 16764057                                                                    ; --            ; top_level   ; Top            ;
; PARTITION_NETLIST_TYPE             ; SOURCE                                                                      ; --            ; top_level   ; Top            ;
; TOP_LEVEL_ENTITY                   ; top_level                                                                   ; Small8_MZ     ; --          ; --             ;
; USE_GENERATED_PHYSICAL_CONSTRAINTS ; Off                                                                         ; --            ; --          ; eda_blast_fpga ;
+------------------------------------+-----------------------------------------------------------------------------+---------------+-------------+----------------+


+-------------------------------------------------------------------------------------------------------------------------------+
; Flow Elapsed Time                                                                                                             ;
+---------------------------+--------------+-------------------------+---------------------+------------------------------------+
; Module Name               ; Elapsed Time ; Average Processors Used ; Peak Virtual Memory ; Total CPU Time (on all processors) ;
+---------------------------+--------------+-------------------------+---------------------+------------------------------------+
; Analysis & Synthesis      ; 00:00:05     ; 1.0                     ; 255 MB              ; 00:00:06                           ;
; Fitter                    ; 00:00:07     ; 1.0                     ; 283 MB              ; 00:00:08                           ;
; TimeQuest Timing Analyzer ; 00:00:04     ; 1.0                     ; 249 MB              ; 00:00:04                           ;
; Assembler                 ; 00:00:02     ; 1.0                     ; 234 MB              ; 00:00:02                           ;
; EDA Netlist Writer        ; 00:00:02     ; 1.0                     ; 194 MB              ; 00:00:02                           ;
; Total                     ; 00:00:18     ; --                      ; --                  ; 00:00:20                           ;
+---------------------------+--------------+-------------------------+---------------------+------------------------------------+


+--------------------------------------------------------------------------------------------+
; Flow OS Summary                                                                            ;
+---------------------------+------------------+---------------+------------+----------------+
; Module Name               ; Machine Hostname ; OS Name       ; OS Version ; Processor type ;
+---------------------------+------------------+---------------+------------+----------------+
; Analysis & Synthesis      ; Mihailo          ; Windows Vista ; 6.2        ; x86_64         ;
; Fitter                    ; Mihailo          ; Windows Vista ; 6.2        ; x86_64         ;
; Assembler                 ; Mihailo          ; Windows Vista ; 6.2        ; x86_64         ;
; TimeQuest Timing Analyzer ; Mihailo          ; Windows Vista ; 6.2        ; x86_64         ;
; EDA Netlist Writer        ; Mihailo          ; Windows Vista ; 6.2        ; x86_64         ;
+---------------------------+------------------+---------------+------------+----------------+


------------
; Flow Log ;
------------
quartus_map --read_settings_files=on --write_settings_files=off Small8_MZ -c Small8_MZ
quartus_fit --read_settings_files=off --write_settings_files=off Small8_MZ -c Small8_MZ
quartus_asm --read_settings_files=off --write_settings_files=off Small8_MZ -c Small8_MZ
quartus_sta Small8_MZ -c Small8_MZ
quartus_eda --read_settings_files=off --write_settings_files=off Small8_MZ -c Small8_MZ



